



































debug [Tue Jun 15 2021 18:44:31 GMT+0530 (India Standard Time)]  getUserData: data extraction success
debug [Tue Jun 15 2021 18:44:44 GMT+0530 (India Standard Time)]  getUserData: data extraction success






















debug [Tue Jun 15 2021 18:51:01 GMT+0530 (India Standard Time)]  getUserData: data extraction success



debug [Tue Jun 15 2021 18:53:02 GMT+0530 (India Standard Time)]  getUserData: data extraction failure | muliple data
debug [Tue Jun 15 2021 18:53:07 GMT+0530 (India Standard Time)]  getUserData: data extraction failure | muliple data


debug [Tue Jun 15 2021 18:54:54 GMT+0530 (India Standard Time)]  getUserData: data extraction failure | muliple data
debug [Tue Jun 15 2021 18:54:58 GMT+0530 (India Standard Time)]  getUserData: data extraction failure | muliple data
debug [Tue Jun 15 2021 18:55:13 GMT+0530 (India Standard Time)]  getUserData: data extraction failure | muliple data


debug [Tue Jun 15 2021 18:56:19 GMT+0530 (India Standard Time)]  getUserData: data extraction failure | muliple data
debug [Tue Jun 15 2021 18:56:56 GMT+0530 (India Standard Time)]  getUserData: data extraction failure | muliple data




debug [Tue Jun 15 2021 18:58:08 GMT+0530 (India Standard Time)]  getUserData: data extraction failure | muliple data





debug [Tue Jun 15 2021 18:59:20 GMT+0530 (India Standard Time)]  getUserData: data extraction failure | muliple data



debug [Tue Jun 15 2021 18:59:54 GMT+0530 (India Standard Time)]  getUserData: data extraction failure | muliple data

debug [Tue Jun 15 2021 19:00:05 GMT+0530 (India Standard Time)]  getUserData: data extraction failure | muliple data


debug [Tue Jun 15 2021 19:00:18 GMT+0530 (India Standard Time)]  getUserData: data extraction failure MongoError: Cursor is closed

debug [Tue Jun 15 2021 19:00:31 GMT+0530 (India Standard Time)]  getUserData: data extraction failure | muliple data

debug [Tue Jun 15 2021 19:00:41 GMT+0530 (India Standard Time)]  getUserData: data extraction failure | muliple data
debug [Tue Jun 15 2021 19:00:45 GMT+0530 (India Standard Time)]  getUserData: data extraction success


debug [Tue Jun 15 2021 19:02:29 GMT+0530 (India Standard Time)]  getUserData: data extraction success









debug [Tue Jun 15 2021 19:08:07 GMT+0530 (India Standard Time)]  getUserData: data extraction success
debug [Tue Jun 15 2021 19:08:13 GMT+0530 (India Standard Time)]  getUserData: data extraction success

debug [Tue Jun 15 2021 19:08:25 GMT+0530 (India Standard Time)]  getUserData: data extraction success



debug [Tue Jun 15 2021 19:09:31 GMT+0530 (India Standard Time)]  getUserData: data extraction success




debug [Tue Jun 15 2021 19:10:35 GMT+0530 (India Standard Time)]  getUserData: data extraction success

debug [Tue Jun 15 2021 19:10:58 GMT+0530 (India Standard Time)]  getUserData: data extraction success








debug [Tue Jun 15 2021 19:13:55 GMT+0530 (India Standard Time)]  getUserData: data extraction success
debug [Tue Jun 15 2021 19:13:55 GMT+0530 (India Standard Time)]  getUserData: data extraction success
debug [Tue Jun 15 2021 19:13:56 GMT+0530 (India Standard Time)]  getUserData: data extraction success
debug [Tue Jun 15 2021 19:13:56 GMT+0530 (India Standard Time)]  getUserData: data extraction success
debug [Tue Jun 15 2021 19:13:56 GMT+0530 (India Standard Time)]  getUserData: data extraction success
debug [Tue Jun 15 2021 19:13:56 GMT+0530 (India Standard Time)]  getUserData: data extraction success
debug [Tue Jun 15 2021 19:13:56 GMT+0530 (India Standard Time)]  getUserData: data extraction success
debug [Tue Jun 15 2021 19:13:56 GMT+0530 (India Standard Time)]  getUserData: data extraction success
debug [Tue Jun 15 2021 19:13:56 GMT+0530 (India Standard Time)]  getUserData: data extraction success
debug [Tue Jun 15 2021 19:13:56 GMT+0530 (India Standard Time)]  getUserData: data extraction success
debug [Tue Jun 15 2021 19:13:57 GMT+0530 (India Standard Time)]  getUserData: data extraction success
debug [Tue Jun 15 2021 19:13:57 GMT+0530 (India Standard Time)]  getUserData: data extraction success
debug [Tue Jun 15 2021 19:13:57 GMT+0530 (India Standard Time)]  getUserData: data extraction success
debug [Tue Jun 15 2021 19:13:57 GMT+0530 (India Standard Time)]  getUserData: data extraction success
debug [Tue Jun 15 2021 19:13:57 GMT+0530 (India Standard Time)]  getUserData: data extraction success
debug [Tue Jun 15 2021 19:13:57 GMT+0530 (India Standard Time)]  getUserData: data extraction success
debug [Tue Jun 15 2021 19:13:57 GMT+0530 (India Standard Time)]  getUserData: data extraction success
debug [Tue Jun 15 2021 19:13:57 GMT+0530 (India Standard Time)]  getUserData: data extraction success
debug [Tue Jun 15 2021 19:13:58 GMT+0530 (India Standard Time)]  getUserData: data extraction success
debug [Tue Jun 15 2021 19:13:58 GMT+0530 (India Standard Time)]  getUserData: data extraction success





































debug [Tue Jun 15 2021 19:35:52 GMT+0530 (India Standard Time)]  getUserData: data extraction success
debug [Tue Jun 15 2021 19:36:59 GMT+0530 (India Standard Time)]  getUserData: data extraction success







debug [Tue Jun 15 2021 19:39:27 GMT+0530 (India Standard Time)]  getUserData: data extraction success
debug [Tue Jun 15 2021 19:39:53 GMT+0530 (India Standard Time)]  getUserData: data extraction success






































































debug [Tue Jun 15 2021 19:53:20 GMT+0530 (India Standard Time)]  updateUserData: data update failure MongoError: MongoClient must be connected before calling MongoClient.prototype.db




























debug [Tue Jun 15 2021 19:58:23 GMT+0530 (India Standard Time)]  getUserData: data extraction failure MongoError: MongoClient must be connected before calling MongoClient.prototype.db
debug [Tue Jun 15 2021 19:58:48 GMT+0530 (India Standard Time)]  getUserData: data extraction failure MongoError: collection name must be a String



debug [Tue Jun 15 2021 19:59:17 GMT+0530 (India Standard Time)]  getUserData: data extraction failure MongoError: collection name must be a String



debug [Tue Jun 15 2021 20:00:18 GMT+0530 (India Standard Time)]  getUserData: data extraction failure TypeError: Cannot read property 'toString' of undefined
















debug [Tue Jun 15 2021 20:08:41 GMT+0530 (India Standard Time)]  getUserData: data extraction success







debug [Tue Jun 15 2021 20:41:22 GMT+0530 (India Standard Time)]  getUserData: data extraction success






















































debug [Tue Jun 15 2021 20:51:50 GMT+0530 (India Standard Time)]  getUserData: data extraction success
debug [Tue Jun 15 2021 20:51:56 GMT+0530 (India Standard Time)]  getUserData: data extraction success


debug [Tue Jun 15 2021 20:52:17 GMT+0530 (India Standard Time)]  getUserData: data extraction success

debug [Tue Jun 15 2021 20:52:28 GMT+0530 (India Standard Time)]  getUserData: data extraction failure | no data
debug [Tue Jun 15 2021 20:52:32 GMT+0530 (India Standard Time)]  getUserData: data extraction failure | no data


debug [Tue Jun 15 2021 20:53:01 GMT+0530 (India Standard Time)]  getUserData: data extraction success



debug [Tue Jun 15 2021 20:53:22 GMT+0530 (India Standard Time)]  getUserData: data extraction success
debug [Tue Jun 15 2021 20:53:31 GMT+0530 (India Standard Time)]  getUserData: data extraction failure | no data
















debug [Tue Jun 15 2021 20:54:39 GMT+0530 (India Standard Time)]  getUserRelation: no data
debug [Tue Jun 15 2021 20:54:51 GMT+0530 (India Standard Time)]  getUserRelation: true












debug [Tue Jun 15 2021 20:56:18 GMT+0530 (India Standard Time)]  getUserRelation: true
debug [Tue Jun 15 2021 20:56:23 GMT+0530 (India Standard Time)]  getUserRelation: no data





























debug [Tue Jun 15 2021 20:58:39 GMT+0530 (India Standard Time)]  getUserData: data extraction success
debug [Tue Jun 15 2021 20:58:45 GMT+0530 (India Standard Time)]  getUserData: data extraction failure | muliple data
debug [Tue Jun 15 2021 20:58:56 GMT+0530 (India Standard Time)]  getUserData: data extraction success
debug [Tue Jun 15 2021 20:59:17 GMT+0530 (India Standard Time)]  getUserRelation: no data
















debug [Tue Jun 15 2021 21:09:27 GMT+0530 (India Standard Time)]  getUserRelation: no data
debug [Tue Jun 15 2021 21:09:40 GMT+0530 (India Standard Time)]  getUserRelation: true

































































debug [Tue Jun 15 2021 21:19:24 GMT+0530 (India Standard Time)]  getUserRelation: true
debug [Tue Jun 15 2021 21:19:34 GMT+0530 (India Standard Time)]  getUserRelation: true









debug [Tue Jun 15 2021 21:21:02 GMT+0530 (India Standard Time)]  getUserRelation: true
debug [Tue Jun 15 2021 21:21:27 GMT+0530 (India Standard Time)]  getUserRelation: no data





debug [Tue Jun 15 2021 21:22:31 GMT+0530 (India Standard Time)]  getUserRelation: no data

debug [Tue Jun 15 2021 21:22:54 GMT+0530 (India Standard Time)]  getUserRelation: no data

debug [Tue Jun 15 2021 21:23:54 GMT+0530 (India Standard Time)]  getUserRelation: no data

debug [Tue Jun 15 2021 21:24:03 GMT+0530 (India Standard Time)]  getUserRelation: true
debug [Tue Jun 15 2021 21:24:24 GMT+0530 (India Standard Time)]  getUserRelation: no data

debug [Tue Jun 15 2021 21:25:14 GMT+0530 (India Standard Time)]  getUserRelation: no data


debug [Tue Jun 15 2021 21:26:44 GMT+0530 (India Standard Time)]  getUserRelation: no data
debug [Tue Jun 15 2021 21:27:10 GMT+0530 (India Standard Time)]  getUserRelation: true
debug [Tue Jun 15 2021 21:27:11 GMT+0530 (India Standard Time)]  getUserRelation: true
debug [Tue Jun 15 2021 21:27:12 GMT+0530 (India Standard Time)]  getUserRelation: true





























































debug [Tue Jun 15 2021 21:40:16 GMT+0530 (India Standard Time)]  getUserRelation: true

debug [Tue Jun 15 2021 21:40:36 GMT+0530 (India Standard Time)]  getUserRelation: true
debug [Tue Jun 15 2021 21:40:50 GMT+0530 (India Standard Time)]  getUserRelation: true
debug [Tue Jun 15 2021 21:41:05 GMT+0530 (India Standard Time)]  getUserRelation: no data
debug [Tue Jun 15 2021 21:41:05 GMT+0530 (India Standard Time)]  delUserRelation: failure | no such realtion
debug [Tue Jun 15 2021 21:41:20 GMT+0530 (India Standard Time)]  getUserRelation: no data
debug [Tue Jun 15 2021 21:41:21 GMT+0530 (India Standard Time)]  makeUserRelation: sucess
debug [Tue Jun 15 2021 21:41:24 GMT+0530 (India Standard Time)]  getUserRelation: true




debug [Tue Jun 15 2021 21:42:01 GMT+0530 (India Standard Time)]  getUserRelation: no data
debug [Tue Jun 15 2021 21:42:02 GMT+0530 (India Standard Time)]  makeUserRelation: sucess
debug [Tue Jun 15 2021 21:42:08 GMT+0530 (India Standard Time)]  getUserRelation: true
debug [Tue Jun 15 2021 21:42:24 GMT+0530 (India Standard Time)]  getUserRelation: no data
debug [Tue Jun 15 2021 21:42:24 GMT+0530 (India Standard Time)]  makeUserRelation: sucess

debug [Tue Jun 15 2021 21:43:18 GMT+0530 (India Standard Time)]  getUserRelation: true

debug [Tue Jun 15 2021 21:43:26 GMT+0530 (India Standard Time)]  getUserRelation: no data
debug [Tue Jun 15 2021 21:43:26 GMT+0530 (India Standard Time)]  makeUserRelation: sucess
debug [Tue Jun 15 2021 21:43:37 GMT+0530 (India Standard Time)]  getUserRelation: true
debug [Tue Jun 15 2021 21:44:20 GMT+0530 (India Standard Time)]  getUserRelation: no data
debug [Tue Jun 15 2021 21:44:20 GMT+0530 (India Standard Time)]  delUserRelation: failure | no such realtion

debug [Tue Jun 15 2021 21:45:14 GMT+0530 (India Standard Time)]  getUserRelation: no data
debug [Tue Jun 15 2021 21:45:14 GMT+0530 (India Standard Time)]  makeUserRelation: sucess
debug [Tue Jun 15 2021 21:45:16 GMT+0530 (India Standard Time)]  getUserRelation: true
debug [Tue Jun 15 2021 21:45:17 GMT+0530 (India Standard Time)]  delUserRelation: sucess
debug [Tue Jun 15 2021 21:45:40 GMT+0530 (India Standard Time)]  getUserRelation: true
debug [Tue Jun 15 2021 21:45:47 GMT+0530 (India Standard Time)]  getUserRelation: no data
debug [Tue Jun 15 2021 21:45:50 GMT+0530 (India Standard Time)]  getUserRelation: true



debug [Tue Jun 15 2021 21:48:22 GMT+0530 (India Standard Time)]  getUserRelation: no data
debug [Tue Jun 15 2021 21:48:22 GMT+0530 (India Standard Time)]  makeUserRelation: sucess
debug [Tue Jun 15 2021 21:48:24 GMT+0530 (India Standard Time)]  getUserRelation: true



























debug [Tue Jun 15 2021 22:12:23 GMT+0530 (India Standard Time)]  getUserDatabyUname: data extraction success

debug [Tue Jun 15 2021 22:12:38 GMT+0530 (India Standard Time)]  getUserDatabyUname: data extraction success



























































debug [Tue Jun 15 2021 22:23:38 GMT+0530 (India Standard Time)]  getUserDatabyUname: data extraction success



debug [Tue Jun 15 2021 22:24:33 GMT+0530 (India Standard Time)]  getUserDatabyUname: data extraction success
debug [Tue Jun 15 2021 22:24:38 GMT+0530 (India Standard Time)]  getUserDatabyUname: data extraction success

debug [Tue Jun 15 2021 22:25:43 GMT+0530 (India Standard Time)]  getUserDatabyUname: data extraction success



debug [Tue Jun 15 2021 22:26:05 GMT+0530 (India Standard Time)]  getUserDatabyUname: data extraction success


debug [Tue Jun 15 2021 22:26:25 GMT+0530 (India Standard Time)]  getUserDatabyUname: data extraction success

debug [Tue Jun 15 2021 22:26:38 GMT+0530 (India Standard Time)]  getUserDatabyUname: data extraction success

debug [Tue Jun 15 2021 22:26:55 GMT+0530 (India Standard Time)]  getUserDatabyUname: data extraction success



debug [Tue Jun 15 2021 22:27:22 GMT+0530 (India Standard Time)]  getUserDatabyUname: data extraction success


debug [Tue Jun 15 2021 22:27:38 GMT+0530 (India Standard Time)]  getUserDatabyUname: data extraction success
debug [Tue Jun 15 2021 22:27:49 GMT+0530 (India Standard Time)]  getUserDatabyUname: data extraction success
debug [Tue Jun 15 2021 22:28:01 GMT+0530 (India Standard Time)]  getUserDatabyUname: data extraction success
debug [Tue Jun 15 2021 22:28:11 GMT+0530 (India Standard Time)]  getUserDatabyUname: data extraction success

debug [Tue Jun 15 2021 22:28:20 GMT+0530 (India Standard Time)]  getUserDatabyUname: data extraction success
debug [Tue Jun 15 2021 22:28:38 GMT+0530 (India Standard Time)]  getUserDatabyUname: data extraction failure | no data
debug [Tue Jun 15 2021 22:28:48 GMT+0530 (India Standard Time)]  getUserDatabyUname: data extraction failure | no data




debug [Tue Jun 15 2021 22:29:16 GMT+0530 (India Standard Time)]  getUserDatabyUname: data extraction success
debug [Tue Jun 15 2021 22:29:20 GMT+0530 (India Standard Time)]  getUserDatabyUname: data extraction failure | no data
debug [Tue Jun 15 2021 22:29:24 GMT+0530 (India Standard Time)]  getUserDatabyUname: data extraction failure | no data


debug [Tue Jun 15 2021 22:30:18 GMT+0530 (India Standard Time)]  getUserDatabyUname: data extraction success



debug [Tue Jun 15 2021 22:33:40 GMT+0530 (India Standard Time)]  getUserDatabyUname: data extraction success
debug [Tue Jun 15 2021 22:33:40 GMT+0530 (India Standard Time)]  updateUserData: data update success









































debug [Tue Jun 15 2021 22:46:03 GMT+0530 (India Standard Time)]  getUserRelation: true































debug [Tue Jun 15 2021 22:49:21 GMT+0530 (India Standard Time)]  getUserData: data extraction success
debug [Tue Jun 15 2021 22:49:23 GMT+0530 (India Standard Time)]  getUserData: data extraction success
debug [Tue Jun 15 2021 22:49:24 GMT+0530 (India Standard Time)]  getUserData: data extraction success
debug [Tue Jun 15 2021 22:49:26 GMT+0530 (India Standard Time)]  getUserData: data extraction success
debug [Tue Jun 15 2021 22:49:32 GMT+0530 (India Standard Time)]  getUserData: data extraction failure | muliple data
debug [Tue Jun 15 2021 22:49:34 GMT+0530 (India Standard Time)]  getUserData: data extraction failure | muliple data
debug [Tue Jun 15 2021 22:49:39 GMT+0530 (India Standard Time)]  getUserData: data extraction success



debug [Tue Jun 15 2021 22:52:20 GMT+0530 (India Standard Time)]  getUserData: data extraction success
debug [Tue Jun 15 2021 22:52:20 GMT+0530 (India Standard Time)]  getUserData: data extraction success
debug [Tue Jun 15 2021 22:52:20 GMT+0530 (India Standard Time)]  getUserRelation: true
debug [Tue Jun 15 2021 22:52:20 GMT+0530 (India Standard Time)]  getUserRelation: true
debug [Tue Jun 15 2021 22:52:21 GMT+0530 (India Standard Time)]  getUserRelation: true
debug [Tue Jun 15 2021 22:52:21 GMT+0530 (India Standard Time)]  delUserRelation: sucess
debug [Tue Jun 15 2021 22:52:21 GMT+0530 (India Standard Time)]  getUserData: data extraction success
debug [Tue Jun 15 2021 22:52:21 GMT+0530 (India Standard Time)]  getUserData: data extraction success
debug [Tue Jun 15 2021 22:52:21 GMT+0530 (India Standard Time)]  getUserRelation: true
debug [Tue Jun 15 2021 22:52:21 GMT+0530 (India Standard Time)]  getUserRelation: no data
debug [Tue Jun 15 2021 22:52:21 GMT+0530 (India Standard Time)]  makeUserRelation: sucess
debug [Tue Jun 15 2021 22:52:22 GMT+0530 (India Standard Time)]  getUserRelation: true
debug [Tue Jun 15 2021 22:52:22 GMT+0530 (India Standard Time)]  delUserRelation: sucess
debug [Tue Jun 15 2021 22:52:22 GMT+0530 (India Standard Time)]  getUserData: data extraction success
debug [Tue Jun 15 2021 22:52:22 GMT+0530 (India Standard Time)]  getUserData: data extraction success
debug [Tue Jun 15 2021 22:52:23 GMT+0530 (India Standard Time)]  getUserRelation: true
debug [Tue Jun 15 2021 22:52:23 GMT+0530 (India Standard Time)]  getUserRelation: no data
debug [Tue Jun 15 2021 22:52:23 GMT+0530 (India Standard Time)]  makeUserRelation: sucess
debug [Tue Jun 15 2021 22:52:23 GMT+0530 (India Standard Time)]  getUserRelation: true
debug [Tue Jun 15 2021 22:52:23 GMT+0530 (India Standard Time)]  delUserRelation: sucess
debug [Tue Jun 15 2021 22:52:24 GMT+0530 (India Standard Time)]  getUserData: data extraction success
debug [Tue Jun 15 2021 22:52:24 GMT+0530 (India Standard Time)]  getUserData: data extraction success
debug [Tue Jun 15 2021 22:52:24 GMT+0530 (India Standard Time)]  getUserRelation: true
debug [Tue Jun 15 2021 22:52:24 GMT+0530 (India Standard Time)]  getUserRelation: no data
debug [Tue Jun 15 2021 22:52:24 GMT+0530 (India Standard Time)]  makeUserRelation: sucess
debug [Tue Jun 15 2021 22:52:24 GMT+0530 (India Standard Time)]  getUserRelation: true
debug [Tue Jun 15 2021 22:52:24 GMT+0530 (India Standard Time)]  delUserRelation: sucess
debug [Tue Jun 15 2021 22:52:24 GMT+0530 (India Standard Time)]  getUserData: data extraction success

































































































































[2021-06-15T23:33:25.045] [DEBUG] default - Server Running on port8200
[2021-06-15T23:33:41.422] [DEBUG] default - Server Running on port8200
