[2021-06-15T23:33:57.664] [DEBUG] default - Server Running on port8200
[2021-06-15T23:34:06.689] [DEBUG] default - Server Running on port8200
[2021-06-15T23:34:15.479] [DEBUG] default - Server Running on port8200
[2021-06-15T23:34:28.815] [DEBUG] default - Server Running on port8200
[2021-06-15T23:34:49.561] [DEBUG] default - getUserRelation: true
[2021-06-15T23:35:27.100] [DEBUG] default - Server Running on port8200
[2021-06-15T23:35:30.447] [DEBUG] default - Server Running on port8200
[2021-06-15T23:35:39.655] [DEBUG] default - getUserData: data extraction success
[2021-06-15T23:35:39.862] [DEBUG] default - getUserData: data extraction success
[2021-06-15T23:35:40.334] [DEBUG] default - getUserRelation: true
[2021-06-15T23:35:40.587] [DEBUG] default - getUserRelation: no data
[2021-06-15T23:35:40.684] [DEBUG] default - makeUserRelation: sucess
[2021-06-15T23:35:40.943] [DEBUG] default - getUserRelation: true
[2021-06-15T23:35:41.093] [DEBUG] default - delUserRelation: sucess
[2021-06-15T23:35:41.308] [DEBUG] default - getUserData: data extraction success
[2021-06-15T23:35:41.606] [DEBUG] default - getUserData: data extraction success
[2021-06-15T23:35:41.911] [DEBUG] default - getUserRelation: true
[2021-06-15T23:35:42.117] [DEBUG] default - getUserRelation: no data
[2021-06-15T23:35:42.218] [DEBUG] default - makeUserRelation: sucess
[2021-06-15T23:35:42.428] [DEBUG] default - getUserRelation: true
[2021-06-15T23:35:42.607] [DEBUG] default - delUserRelation: sucess
[2021-06-15T23:35:42.732] [DEBUG] default - getUserData: data extraction success
[2021-06-15T23:35:42.944] [DEBUG] default - getUserData: data extraction success
[2021-06-15T23:35:43.146] [DEBUG] default - getUserRelation: true
[2021-06-15T23:35:43.836] [DEBUG] default - getUserRelation: no data
[2021-06-15T23:35:43.961] [DEBUG] default - makeUserRelation: sucess
[2021-06-15T23:35:44.113] [DEBUG] default - getUserRelation: true
[2021-06-15T23:35:44.211] [DEBUG] default - delUserRelation: sucess
[2021-06-15T23:35:44.404] [DEBUG] default - getUserData: data extraction success
[2021-06-15T23:35:44.651] [DEBUG] default - getUserData: data extraction success
[2021-06-15T23:35:44.949] [DEBUG] default - getUserRelation: true
[2021-06-15T23:35:45.103] [DEBUG] default - getUserRelation: no data
[2021-06-15T23:35:45.164] [DEBUG] default - makeUserRelation: sucess
[2021-06-15T23:35:45.311] [DEBUG] default - getUserRelation: true
[2021-06-15T23:35:45.380] [DEBUG] default - delUserRelation: sucess
[2021-06-15T23:35:45.500] [DEBUG] default - getUserData: data extraction success
[2021-06-15T23:35:45.661] [DEBUG] default - getUserData: data extraction success
[2021-06-15T23:35:45.881] [DEBUG] default - getUserRelation: true
[2021-06-15T23:35:46.020] [DEBUG] default - getUserRelation: no data
[2021-06-15T23:35:46.088] [DEBUG] default - makeUserRelation: sucess
[2021-06-15T23:35:46.220] [DEBUG] default - getUserRelation: true
[2021-06-15T23:35:46.286] [DEBUG] default - delUserRelation: sucess
[2021-06-15T23:35:46.440] [DEBUG] default - getUserData: data extraction success
[2021-06-15T23:35:46.605] [DEBUG] default - getUserData: data extraction success
[2021-06-15T23:35:46.829] [DEBUG] default - getUserRelation: true
[2021-06-15T23:35:47.137] [DEBUG] default - getUserRelation: no data
[2021-06-15T23:35:47.440] [DEBUG] default - makeUserRelation: sucess
[2021-06-15T23:35:47.749] [DEBUG] default - getUserRelation: true
[2021-06-15T23:35:47.921] [DEBUG] default - delUserRelation: sucess
[2021-06-15T23:35:48.157] [DEBUG] default - getUserData: data extraction success
[2021-06-15T23:35:48.607] [DEBUG] default - getUserData: data extraction success
[2021-06-15T23:35:48.972] [DEBUG] default - getUserRelation: true
[2021-06-15T23:35:49.121] [DEBUG] default - getUserRelation: no data
[2021-06-15T23:35:49.200] [DEBUG] default - makeUserRelation: sucess
[2021-06-15T23:35:49.343] [DEBUG] default - getUserRelation: true
[2021-06-15T23:35:49.406] [DEBUG] default - delUserRelation: sucess
[2021-06-15T23:35:49.547] [DEBUG] default - getUserData: data extraction success
[2021-06-15T23:35:49.708] [DEBUG] default - getUserData: data extraction success
[2021-06-15T23:35:49.953] [DEBUG] default - getUserRelation: true
[2021-06-15T23:35:50.108] [DEBUG] default - getUserRelation: no data
[2021-06-15T23:35:50.181] [DEBUG] default - makeUserRelation: sucess
[2021-06-15T23:35:50.348] [DEBUG] default - getUserRelation: true
[2021-06-15T23:35:50.420] [DEBUG] default - delUserRelation: sucess
[2021-06-15T23:35:50.531] [DEBUG] default - getUserData: data extraction success
[2021-06-15T23:35:50.709] [DEBUG] default - getUserData: data extraction success
[2021-06-15T23:35:50.914] [DEBUG] default - getUserRelation: true
[2021-06-15T23:35:51.068] [DEBUG] default - getUserRelation: no data
[2021-06-15T23:35:51.132] [DEBUG] default - makeUserRelation: sucess
[2021-06-15T23:35:51.290] [DEBUG] default - getUserRelation: true
[2021-06-15T23:35:51.350] [DEBUG] default - delUserRelation: sucess
[2021-06-15T23:35:51.512] [DEBUG] default - getUserData: data extraction success
[2021-06-15T23:35:51.650] [DEBUG] default - getUserData: data extraction success
[2021-06-15T23:35:51.869] [DEBUG] default - getUserRelation: true
[2021-06-15T23:35:52.004] [DEBUG] default - getUserRelation: no data
[2021-06-15T23:35:52.074] [DEBUG] default - makeUserRelation: sucess
[2021-06-15T23:35:52.190] [DEBUG] default - getUserRelation: true
[2021-06-15T23:35:52.274] [DEBUG] default - delUserRelation: sucess
[2021-06-15T23:35:52.428] [DEBUG] default - getUserData: data extraction success
[2021-06-15T23:35:52.602] [DEBUG] default - getUserData: data extraction success
[2021-06-15T23:35:52.863] [DEBUG] default - getUserRelation: true
[2021-06-15T23:35:53.073] [DEBUG] default - getUserRelation: no data
[2021-06-15T23:35:53.174] [DEBUG] default - makeUserRelation: sucess
[2021-06-15T23:35:53.381] [DEBUG] default - getUserRelation: true
[2021-06-15T23:35:53.483] [DEBUG] default - delUserRelation: sucess
[2021-06-15T23:35:53.686] [DEBUG] default - getUserData: data extraction success
[2021-06-15T23:35:54.086] [DEBUG] default - getUserData: data extraction success
[2021-06-15T23:35:54.547] [DEBUG] default - getUserRelation: true
[2021-06-15T23:35:54.944] [DEBUG] default - getUserRelation: no data
[2021-06-15T23:35:55.059] [DEBUG] default - makeUserRelation: sucess
[2021-06-15T23:35:55.223] [DEBUG] default - getUserRelation: true
[2021-06-15T23:35:55.428] [DEBUG] default - delUserRelation: sucess
[2021-06-15T23:35:55.601] [DEBUG] default - getUserData: data extraction success
[2021-06-15T23:35:55.890] [DEBUG] default - getUserData: data extraction success
[2021-06-15T23:35:56.144] [DEBUG] default - getUserRelation: true
[2021-06-15T23:35:56.350] [DEBUG] default - getUserRelation: no data
[2021-06-15T23:35:56.661] [DEBUG] default - makeUserRelation: sucess
[2021-06-15T23:35:56.925] [DEBUG] default - getUserRelation: true
[2021-06-15T23:35:57.001] [DEBUG] default - delUserRelation: sucess
[2021-06-15T23:35:57.171] [DEBUG] default - getUserData: data extraction success
[2021-06-15T23:35:57.476] [DEBUG] default - getUserData: data extraction success
[2021-06-15T23:35:57.791] [DEBUG] default - getUserRelation: true
[2021-06-15T23:35:58.091] [DEBUG] default - getUserRelation: no data
[2021-06-15T23:35:58.192] [DEBUG] default - makeUserRelation: sucess
[2021-06-15T23:35:58.398] [DEBUG] default - getUserRelation: true
[2021-06-15T23:35:58.666] [DEBUG] default - delUserRelation: sucess
[2021-06-15T23:35:59.002] [DEBUG] default - getUserData: data extraction success
[2021-06-15T23:35:59.321] [DEBUG] default - getUserData: data extraction success
[2021-06-15T23:35:59.682] [DEBUG] default - getUserRelation: true
[2021-06-15T23:36:00.139] [DEBUG] default - getUserRelation: no data
[2021-06-15T23:36:00.240] [DEBUG] default - makeUserRelation: sucess
[2021-06-15T23:36:00.548] [DEBUG] default - getUserRelation: true
[2021-06-15T23:36:01.004] [DEBUG] default - delUserRelation: sucess
[2021-06-15T23:36:01.166] [DEBUG] default - getUserData: data extraction success
[2021-06-15T23:36:01.519] [DEBUG] default - getUserData: data extraction success
[2021-06-15T23:36:01.890] [DEBUG] default - getUserRelation: true
[2021-06-15T23:36:02.061] [DEBUG] default - getUserRelation: no data
[2021-06-15T23:36:02.187] [DEBUG] default - makeUserRelation: sucess
[2021-06-15T23:36:02.494] [DEBUG] default - getUserRelation: true
[2021-06-15T23:36:02.669] [DEBUG] default - delUserRelation: sucess
[2021-06-15T23:36:02.842] [DEBUG] default - getUserData: data extraction success
[2021-06-15T23:36:03.021] [DEBUG] default - getUserData: data extraction success
[2021-06-15T23:36:04.143] [DEBUG] default - getUserRelation: true
[2021-06-15T23:36:30.551] [DEBUG] default - getUserData: data extraction success
[2021-06-15T23:36:30.860] [DEBUG] default - getUserData: data extraction success
[2021-06-15T23:36:31.165] [DEBUG] default - getUserRelation: true
[2021-06-15T23:36:31.477] [DEBUG] default - getUserRelation: no data
[2021-06-15T23:36:31.669] [DEBUG] default - makeUserRelation: sucess
[2021-06-15T23:36:32.088] [DEBUG] default - getUserRelation: true
[2021-06-15T23:36:33.340] [DEBUG] default - delUserRelation: sucess
[2021-06-15T23:36:34.963] [DEBUG] default - getUserData: data extraction success
[2021-06-15T23:36:35.862] [DEBUG] default - getUserData: data extraction success
[2021-06-15T23:36:36.697] [DEBUG] default - getUserRelation: true
[2021-06-15T23:36:37.163] [DEBUG] default - getUserRelation: no data
[2021-06-15T23:36:37.786] [DEBUG] default - makeUserRelation: sucess
[2021-06-15T23:36:38.231] [DEBUG] default - getUserRelation: true
[2021-06-15T23:36:38.546] [DEBUG] default - delUserRelation: sucess
[2021-06-15T23:36:38.750] [DEBUG] default - getUserData: data extraction success
[2021-06-15T23:36:38.947] [DEBUG] default - getUserData: data extraction success
[2021-06-15T23:36:39.156] [DEBUG] default - getUserRelation: true
[2021-06-15T23:36:39.772] [DEBUG] default - getUserRelation: no data
[2021-06-15T23:36:39.948] [DEBUG] default - makeUserRelation: sucess
[2021-06-15T23:36:40.589] [DEBUG] default - getUserRelation: true
[2021-06-15T23:36:40.763] [DEBUG] default - delUserRelation: sucess
[2021-06-15T23:36:41.165] [DEBUG] default - getUserData: data extraction success
[2021-06-15T23:36:41.508] [DEBUG] default - getUserData: data extraction success
[2021-06-15T23:36:41.817] [DEBUG] default - getUserRelation: true
[2021-06-15T23:36:42.531] [DEBUG] default - getUserRelation: no data
[2021-06-15T23:36:42.738] [DEBUG] default - makeUserRelation: sucess
[2021-06-15T23:36:43.047] [DEBUG] default - getUserRelation: true
[2021-06-15T23:36:43.181] [DEBUG] default - delUserRelation: sucess
[2021-06-15T23:36:43.327] [DEBUG] default - getUserData: data extraction success
[2021-06-15T23:36:43.492] [DEBUG] default - getUserData: data extraction success
[2021-06-15T23:36:43.731] [DEBUG] default - getUserRelation: true
[2021-06-15T23:36:43.862] [DEBUG] default - getUserRelation: no data
[2021-06-15T23:36:43.929] [DEBUG] default - makeUserRelation: sucess
[2021-06-15T23:36:44.080] [DEBUG] default - getUserRelation: true
[2021-06-15T23:36:44.163] [DEBUG] default - delUserRelation: sucess
[2021-06-15T23:36:44.300] [DEBUG] default - getUserData: data extraction success
[2021-06-15T23:36:44.430] [DEBUG] default - getUserData: data extraction success
[2021-06-15T23:36:44.680] [DEBUG] default - getUserRelation: true
[2021-06-15T23:36:44.815] [DEBUG] default - getUserRelation: no data
[2021-06-15T23:36:44.894] [DEBUG] default - makeUserRelation: sucess
[2021-06-15T23:36:45.001] [DEBUG] default - getUserRelation: true
[2021-06-15T23:36:45.087] [DEBUG] default - delUserRelation: sucess
[2021-06-15T23:36:45.399] [DEBUG] default - getUserData: data extraction success
[2021-06-15T23:36:45.604] [DEBUG] default - getUserData: data extraction success
[2021-06-15T23:36:45.911] [DEBUG] default - getUserRelation: true
[2021-06-15T23:36:46.221] [DEBUG] default - getUserRelation: no data
[2021-06-15T23:36:46.528] [DEBUG] default - makeUserRelation: sucess
[2021-06-15T23:36:46.834] [DEBUG] default - getUserRelation: true
[2021-06-15T23:36:46.934] [DEBUG] default - delUserRelation: sucess
[2021-06-15T23:36:47.204] [DEBUG] default - getUserData: data extraction success
[2021-06-15T23:36:47.448] [DEBUG] default - getUserData: data extraction success
[2021-06-15T23:36:47.753] [DEBUG] default - getUserRelation: true
[2021-06-15T23:36:48.060] [DEBUG] default - getUserRelation: no data
[2021-06-15T23:36:48.267] [DEBUG] default - makeUserRelation: sucess
[2021-06-15T23:36:48.574] [DEBUG] default - getUserRelation: true
[2021-06-15T23:36:48.675] [DEBUG] default - delUserRelation: sucess
[2021-06-15T23:36:48.882] [DEBUG] default - getUserData: data extraction success
[2021-06-15T23:36:49.188] [DEBUG] default - getUserData: data extraction success
[2021-06-15T23:36:49.496] [DEBUG] default - getUserRelation: true
[2021-06-15T23:36:49.898] [DEBUG] default - getUserRelation: no data
[2021-06-15T23:36:49.998] [DEBUG] default - makeUserRelation: sucess
[2021-06-15T23:36:50.453] [DEBUG] default - getUserRelation: true
[2021-06-15T23:36:50.623] [DEBUG] default - delUserRelation: sucess
[2021-06-15T23:36:51.038] [DEBUG] default - getUserData: data extraction success
[2021-06-15T23:36:51.338] [DEBUG] default - getUserData: data extraction success
[2021-06-15T23:36:51.567] [DEBUG] default - getUserRelation: true
[2021-06-15T23:36:51.952] [DEBUG] default - getUserRelation: no data
[2021-06-15T23:36:52.430] [DEBUG] default - makeUserRelation: sucess
[2021-06-15T23:36:52.773] [DEBUG] default - getUserRelation: true
[2021-06-15T23:36:53.047] [DEBUG] default - delUserRelation: sucess
[2021-06-15T23:36:53.227] [DEBUG] default - getUserData: data extraction success
[2021-06-15T23:36:53.427] [DEBUG] default - getUserData: data extraction success
[2021-06-15T23:36:53.902] [DEBUG] default - getUserRelation: true
[2021-06-15T23:36:54.307] [DEBUG] default - getUserRelation: no data
[2021-06-15T23:36:54.513] [DEBUG] default - makeUserRelation: sucess
[2021-06-15T23:36:55.116] [DEBUG] default - getUserRelation: true
[2021-06-15T23:36:55.438] [DEBUG] default - delUserRelation: sucess
[2021-06-15T23:36:55.594] [DEBUG] default - getUserData: data extraction success
[2021-06-15T23:36:55.779] [DEBUG] default - getUserData: data extraction success
[2021-06-15T23:36:56.100] [DEBUG] default - getUserRelation: true
[2021-06-15T23:36:56.355] [DEBUG] default - getUserRelation: no data
[2021-06-15T23:36:56.561] [DEBUG] default - makeUserRelation: sucess
[2021-06-15T23:36:56.800] [DEBUG] default - getUserRelation: true
[2021-06-15T23:36:56.921] [DEBUG] default - delUserRelation: sucess
[2021-06-15T23:36:57.175] [DEBUG] default - getUserData: data extraction success
[2021-06-15T23:36:57.311] [DEBUG] default - getUserData: data extraction success
[2021-06-15T23:36:57.520] [DEBUG] default - getUserRelation: true
[2021-06-15T23:36:57.929] [DEBUG] default - getUserRelation: no data
[2021-06-15T23:36:58.302] [DEBUG] default - makeUserRelation: sucess
[2021-06-15T23:36:58.612] [DEBUG] default - getUserRelation: true
[2021-06-15T23:36:58.710] [DEBUG] default - delUserRelation: sucess
[2021-06-15T23:36:58.917] [DEBUG] default - getUserData: data extraction success
[2021-06-15T23:36:59.150] [DEBUG] default - getUserData: data extraction success
[2021-06-15T23:36:59.631] [DEBUG] default - getUserRelation: true
[2021-06-15T23:36:59.981] [DEBUG] default - getUserRelation: no data
[2021-06-15T23:37:00.452] [DEBUG] default - makeUserRelation: sucess
[2021-06-15T23:37:00.758] [DEBUG] default - getUserRelation: true
[2021-06-15T23:37:00.965] [DEBUG] default - delUserRelation: sucess
[2021-06-15T23:37:01.259] [DEBUG] default - getUserData: data extraction success
[2021-06-15T23:37:01.581] [DEBUG] default - getUserData: data extraction success
[2021-06-15T23:37:01.803] [DEBUG] default - getUserRelation: true
[2021-06-15T23:37:02.098] [DEBUG] default - getUserRelation: no data
[2021-06-15T23:37:02.179] [DEBUG] default - makeUserRelation: sucess
[2021-06-15T23:37:02.756] [DEBUG] default - getUserRelation: true
[2021-06-15T23:37:02.826] [DEBUG] default - delUserRelation: sucess
[2021-06-15T23:37:03.113] [DEBUG] default - getUserData: data extraction success
[2021-06-15T23:37:03.409] [DEBUG] default - getUserData: data extraction success
[2021-06-15T23:37:03.630] [DEBUG] default - getUserRelation: true
[2021-06-15T23:37:04.166] [DEBUG] default - getUserRelation: no data
[2021-06-15T23:37:04.245] [DEBUG] default - makeUserRelation: sucess
[2021-06-15T23:37:04.548] [DEBUG] default - getUserRelation: true
[2021-06-15T23:37:04.855] [DEBUG] default - delUserRelation: sucess
[2021-06-15T23:37:05.163] [DEBUG] default - getUserData: data extraction success
[2021-06-15T23:37:05.610] [DEBUG] default - getUserData: data extraction success
[2021-06-15T23:37:05.984] [DEBUG] default - getUserRelation: true
[2021-06-15T23:37:47.602] [DEBUG] default - Server Running on port8200
[2021-06-15T23:37:56.334] [DEBUG] default - Server Running on port8200
[2021-06-15T23:37:57.611] [DEBUG] default - Server Running on port8200
[2021-06-15T23:39:05.761] [DEBUG] default - Server Running on port8200
[2021-06-15T23:39:11.290] [DEBUG] default - Server Running on port8200
[2021-06-15T23:39:27.915] [DEBUG] default - Server Running on port8200
[2021-06-15T23:39:30.916] [DEBUG] default - Server Running on port8200
[2021-06-15T23:39:48.731] [DEBUG] default - Server Running on port8200
[2021-06-15T23:39:53.461] [DEBUG] default - Server Running on port8200
[2021-06-15T23:39:54.810] [DEBUG] default - Server Running on port8200
[2021-06-15T23:40:03.204] [DEBUG] default - Server Running on port8200
[2021-06-15T23:40:18.529] [DEBUG] default - Server Running on port8200
[2021-06-15T23:40:21.964] [DEBUG] default - Server Running on port8200
[2021-06-15T23:40:35.031] [DEBUG] default - Server Running on port8200
[2021-06-15T23:41:15.085] [DEBUG] default - Server Running on port8200
[2021-06-15T23:41:16.357] [DEBUG] default - Server Running on port8200
[2021-06-15T23:41:17.485] [DEBUG] default - Server Running on port8200
[2021-06-15T23:41:18.938] [DEBUG] default - Server Running on port8200
[2021-06-15T23:41:23.450] [DEBUG] default - Server Running on port8200
[2021-06-15T23:41:39.840] [DEBUG] default - Server Running on port8200
[2021-06-15T23:41:40.471] [DEBUG] default - Server Running on port8200
[2021-06-15T23:42:25.971] [DEBUG] default - Server Running on port8200
[2021-06-15T23:42:33.392] [DEBUG] default - Server Running on port8200
[2021-06-15T23:42:40.644] [DEBUG] default - Server Running on port8200
[2021-06-15T23:44:53.602] [DEBUG] default - Server Running on port8200
[2021-06-15T23:44:57.421] [DEBUG] default - Server Running on port8200
[2021-06-15T23:44:59.061] [DEBUG] default - Server Running on port8200
[2021-06-15T23:45:02.859] [DEBUG] default - Server Running on port8200
[2021-06-15T23:45:05.293] [DEBUG] default - Server Running on port8200
[2021-06-15T23:45:12.979] [DEBUG] default - Server Running on port8200
[2021-06-15T23:45:18.252] [DEBUG] default - Server Running on port8200
[2021-06-15T23:45:23.258] [DEBUG] default - Server Running on port8200
[2021-06-15T23:45:26.358] [DEBUG] default - Server Running on port8200
[2021-06-15T23:45:28.767] [DEBUG] default - Server Running on port8200
[2021-06-15T23:45:42.893] [DEBUG] default - Server Running on port8200
[2021-06-15T23:45:55.986] [DEBUG] default - Server Running on port8200
[2021-06-15T23:48:10.535] [DEBUG] default - Server Running on port8200
[2021-06-15T23:48:23.046] [DEBUG] default - Server Running on port8200
[2021-06-15T23:48:30.821] [DEBUG] default - Server Running on port8200
[2021-06-15T23:48:55.053] [DEBUG] default - Server Running on port8200
[2021-06-15T23:48:59.865] [DEBUG] default - Server Running on port8200
[2021-06-15T23:49:01.421] [DEBUG] default - Server Running on port8200
[2021-06-15T23:49:06.958] [DEBUG] default - Server Running on port8200
[2021-06-15T23:49:10.500] [DEBUG] default - Server Running on port8200
[2021-06-15T23:49:24.444] [DEBUG] default - Server Running on port8200
[2021-06-16T03:38:57.331] [DEBUG] default - Server Running on port8200
[2021-06-16T03:42:39.883] [DEBUG] default - Server Running on port80
[2021-06-16T04:26:54.012] [DEBUG] default - Server Running on port90
[2021-06-16T12:07:02.395] [DEBUG] default - Server Running on port8200
[2021-06-16T12:14:56.343] [DEBUG] default - getUserData: data extraction success
[2021-06-16T12:23:53.017] [DEBUG] default - getUserData: data extraction success
[2021-06-16T12:36:59.098] [DEBUG] default - Server Running on port8200
[2021-06-16T12:37:01.260] [DEBUG] default - Server Running on port8200
[2021-06-16T12:37:35.406] [DEBUG] default - Server Running on port8200
[2021-06-16T12:37:37.276] [DEBUG] default - Server Running on port8200
[2021-06-16T12:37:39.971] [DEBUG] default - Server Running on port8200
[2021-06-16T12:38:28.547] [DEBUG] default - Server Running on port8200
[2021-06-16T12:38:40.345] [DEBUG] default - Server Running on port8200
[2021-06-16T12:38:44.271] [DEBUG] default - Server Running on port8200
[2021-06-16T12:38:48.520] [DEBUG] default - Server Running on port8200
[2021-06-16T12:38:50.025] [DEBUG] default - Server Running on port8200
[2021-06-16T12:38:52.609] [DEBUG] default - Server Running on port8200
[2021-06-16T12:38:58.158] [DEBUG] default - Server Running on port8200
[2021-06-16T12:39:17.716] [DEBUG] default - Server Running on port8200
[2021-06-16T12:39:23.083] [DEBUG] default - Server Running on port8200
[2021-06-16T12:39:36.787] [DEBUG] default - Server Running on port8200
[2021-06-16T12:39:39.175] [DEBUG] default - Server Running on port8200
[2021-06-16T12:39:44.922] [DEBUG] default - Server Running on port8200
[2021-06-16T12:39:50.150] [DEBUG] default - Server Running on port8200
[2021-06-16T12:39:52.616] [DEBUG] default - Server Running on port8200
[2021-06-16T12:40:05.927] [DEBUG] default - Server Running on port8200
[2021-06-16T12:40:08.454] [DEBUG] default - Server Running on port8200
[2021-06-16T12:44:45.865] [DEBUG] default - Server Running on port8200
[2021-06-16T12:46:12.972] [DEBUG] default - Server Running on port8200
[2021-06-16T12:46:19.624] [DEBUG] default - Server Running on port8200
[2021-06-16T12:46:23.695] [DEBUG] default - Server Running on port8200
[2021-06-16T12:46:27.869] [DEBUG] default - Server Running on port8200
[2021-06-16T12:46:43.136] [DEBUG] default - Server Running on port8200
[2021-06-16T12:46:44.711] [DEBUG] default - Server Running on port8200
[2021-06-16T12:46:50.570] [DEBUG] default - Server Running on port8200
[2021-06-16T12:46:54.924] [DEBUG] default - Server Running on port8200
[2021-06-16T13:25:46.597] [DEBUG] default - Server Running on port8200
[2021-06-16T13:25:47.996] [DEBUG] default - Server Running on port8200
[2021-06-16T13:26:02.036] [DEBUG] default - Server Running on port8200
[2021-06-16T13:26:08.191] [DEBUG] default - Server Running on port8200
[2021-06-16T13:26:12.222] [DEBUG] default - Server Running on port8200
[2021-06-16T13:26:19.658] [DEBUG] default - Server Running on port8200
[2021-06-16T13:26:24.183] [DEBUG] default - Server Running on port8200
[2021-06-16T13:26:27.048] [DEBUG] default - Server Running on port8200
[2021-06-16T13:26:48.876] [DEBUG] default - Server Running on port8200
[2021-06-16T13:26:53.204] [DEBUG] default - Server Running on port8200
[2021-06-16T13:26:55.415] [DEBUG] default - Server Running on port8200
[2021-06-16T13:27:02.633] [DEBUG] default - Server Running on port8200
[2021-06-16T13:27:13.227] [DEBUG] default - Server Running on port8200
[2021-06-16T13:27:16.221] [DEBUG] default - Server Running on port8200
[2021-06-16T13:27:25.311] [DEBUG] default - Server Running on port8200
[2021-06-16T13:27:30.527] [DEBUG] default - Server Running on port8200
[2021-06-16T13:27:32.407] [DEBUG] default - Server Running on port8200
